<?xml version="1.0" encoding="UTF-8"?>
<!-- Generated by org.testng.reporters.JUnitReportReporter -->
<testsuite hostname="DESKTOP-JJ924JH" failures="0" tests="2" name="rahulshettyacademy.tests.SubmitOrderTest" time="74.455" errors="0" timestamp="26 May 2025 14:02:52 GMT" skipped="0">
  <testcase classname="rahulshettyacademy.tests.SubmitOrderTest" name="submitOrder" time="35.838"/>
  <testcase classname="rahulshettyacademy.tests.SubmitOrderTest" name="submitOrder" time="38.617"/>
</testsuite> <!-- rahulshettyacademy.tests.SubmitOrderTest -->
